goroutine 44 [running]:
github.com/docker/docker/pkg/signal.DumpStacks(0x2a5d827, 0xf, 0x0, 0x0, 0x0, 0x0)
	/go/src/github.com/docker/docker/pkg/signal/trap.go:83 +0xc5
github.com/docker/docker/daemon.(*Daemon).setupDumpStackTrap.func1(0xc420493140, 0x2a5d827, 0xf)
	/go/src/github.com/docker/docker/daemon/debugtrap_unix.go:19 +0x8b
created by github.com/docker/docker/daemon.(*Daemon).setupDumpStackTrap
	/go/src/github.com/docker/docker/daemon/debugtrap_unix.go:17 +0xc9

goroutine 1 [chan receive, 6651 minutes]:
main.(*DaemonCli).start(0xc420440420, 0xc420442620, 0x0, 0x0)
	/go/src/github.com/docker/docker/cmd/dockerd/daemon.go:314 +0x1b0a
main.runDaemon(0xc420442620, 0xc4202e4ea0, 0x0)
	/go/src/github.com/docker/docker/cmd/dockerd/docker.go:78 +0x76
main.newDaemonCommand.func1(0xc4202f1d40, 0xc420403da0, 0x0, 0x6, 0x0, 0x0)
	/go/src/github.com/docker/docker/cmd/dockerd/docker.go:29 +0x5b
github.com/docker/docker/vendor/github.com/spf13/cobra.(*Command).execute(0xc4202f1d40, 0xc420010080, 0x6, 0x6, 0xc4202f1d40, 0xc420010080)
	/go/src/github.com/docker/docker/vendor/github.com/spf13/cobra/command.go:646 +0x44d
github.com/docker/docker/vendor/github.com/spf13/cobra.(*Command).ExecuteC(0xc4202f1d40, 0x27d06e0, 0x2ae9b01, 0xc420424e20)
	/go/src/github.com/docker/docker/vendor/github.com/spf13/cobra/command.go:742 +0x30e
github.com/docker/docker/vendor/github.com/spf13/cobra.(*Command).Execute(0xc4202f1d40, 0xc420424e20, 0x2a50600)
	/go/src/github.com/docker/docker/vendor/github.com/spf13/cobra/command.go:695 +0x2b
main.main()
	/go/src/github.com/docker/docker/cmd/dockerd/docker.go:105 +0xe1

goroutine 6 [syscall]:
os/signal.signal_recv(0x3898de0)
	/usr/local/go/src/runtime/sigqueue.go:131 +0xa6
os/signal.loop()
	/usr/local/go/src/os/signal/signal_unix.go:22 +0x22
created by os/signal.init.0
	/usr/local/go/src/os/signal/signal_unix.go:28 +0x41

goroutine 736339 [syscall, 3751 minutes]:
syscall.Syscall6(0xf7, 0x1, 0x1e3b1, 0xc420028da0, 0x1000004, 0x0, 0x0, 0xc42284a240, 0xc4212b8240, 0xc4212b8240)
	/usr/local/go/src/syscall/asm_linux_amd64.s:44 +0x5
os.(*Process).blockUntilWaitable(0xc421ba02d0, 0x1250430, 0xc420fe7940, 0xc4208e2070)
	/usr/local/go/src/os/wait_waitid.go:31 +0xa5
os.(*Process).wait(0xc421ba02d0, 0x0, 0x0, 0x0)
	/usr/local/go/src/os/exec_unix.go:22 +0x42
os.(*Process).Wait(0xc421ba02d0, 0x24, 0xc420028f80, 0x12e5cb8)
	/usr/local/go/src/os/exec.go:115 +0x2b
os/exec.(*Cmd).Wait(0xc421dc5080, 0x2a8ad31, 0x24)
	/usr/local/go/src/os/exec/exec.go:446 +0x62
github.com/docker/docker/libcontainerd.(*remote).startContainerd.func1(0xc421dc5080, 0xc4203cb860)
	/go/src/github.com/docker/docker/libcontainerd/remote_daemon.go:243 +0x2f
created by github.com/docker/docker/libcontainerd.(*remote).startContainerd
	/go/src/github.com/docker/docker/libcontainerd/remote_daemon.go:241 +0x432

goroutine 41 [chan receive]:
github.com/docker/docker/libcontainerd.(*remote).monitorConnection(0xc4203cb860, 0xc42197f500)
	/go/src/github.com/docker/docker/libcontainerd/remote_daemon.go:270 +0x9c
created by github.com/docker/docker/libcontainerd.New
	/go/src/github.com/docker/docker/libcontainerd/remote_daemon.go:116 +0x601

goroutine 42 [select, 6651 minutes, locked to thread]:
runtime.gopark(0x2aebfe0, 0x0, 0x2a500dc, 0x6, 0x18, 0x1)
	/usr/local/go/src/runtime/proc.go:287 +0x12c
runtime.selectgo(0xc420036f50, 0xc4204801e0)
	/usr/local/go/src/runtime/select.go:395 +0x1149
runtime.ensureSigM.func1()
	/usr/local/go/src/runtime/signal_unix.go:511 +0x220
runtime.goexit()
	/usr/local/go/src/runtime/asm_amd64.s:2337 +0x1

goroutine 43 [chan receive, 1921 minutes]:
github.com/docker/docker/pkg/signal.Trap.func1(0xc420492180, 0x3889620, 0xc42006c190, 0xc420456020)
	/go/src/github.com/docker/docker/pkg/signal/trap.go:38 +0x65
created by github.com/docker/docker/pkg/signal.Trap
	/go/src/github.com/docker/docker/pkg/signal/trap.go:36 +0x122

goroutine 49 [IO wait, 6651 minutes]:
internal/poll.runtime_pollWait(0x7f6360c65c70, 0x72, 0xffffffffffffffff)
	/usr/local/go/src/runtime/netpoll.go:173 +0x57
internal/poll.(*pollDesc).wait(0xc42047c218, 0x72, 0xc420037c00, 0x0, 0x0)
	/usr/local/go/src/internal/poll/fd_poll_runtime.go:85 +0xae
internal/poll.(*pollDesc).waitRead(0xc42047c218, 0xffffffffffffff00, 0x0, 0x0)
	/usr/local/go/src/internal/poll/fd_poll_runtime.go:90 +0x3d
internal/poll.(*FD).Accept(0xc42047c200, 0x0, 0x0, 0x0, 0x0, 0x0, 0x0, 0x0)
	/usr/local/go/src/internal/poll/fd_unix.go:335 +0x1e2
net.(*netFD).accept(0xc42047c200, 0xc420037e28, 0xc420037e48, 0x1186888)
	/usr/local/go/src/net/fd_unix.go:238 +0x42
net.(*UnixListener).accept(0xc420440bd0, 0x128a5aa, 0x2910640, 0xc42010ec60)
	/usr/local/go/src/net/unixsock_posix.go:162 +0x32
net.(*UnixListener).Accept(0xc420440bd0, 0xc420014038, 0x2767a80, 0x3860f60, 0x2a185c0)
	/usr/local/go/src/net/unixsock.go:241 +0x49
net/http.(*Server).Serve(0xc420400b60, 0x38a5ae0, 0xc420440bd0, 0x0, 0x0)
	/usr/local/go/src/net/http/server.go:2695 +0x1b2
net/http.Serve(0x38a5ae0, 0xc420440bd0, 0x388a9e0, 0xc420440c00, 0x11a9128, 0x2aebe60)
	/usr/local/go/src/net/http/server.go:2323 +0x73
github.com/docker/docker/daemon.(*Daemon).listenMetricsSock.func1(0x38a5ae0, 0xc420440bd0, 0xc420440c00)
	/go/src/github.com/docker/docker/daemon/metrics_unix.go:31 +0x4b
created by github.com/docker/docker/daemon.(*Daemon).listenMetricsSock
	/go/src/github.com/docker/docker/daemon/metrics_unix.go:30 +0x193

goroutine 58 [chan receive]:
github.com/docker/docker/daemon/stats.(*Collector).Run(0xc42038e9c0)
	/go/src/github.com/docker/docker/daemon/stats/collector.go:60 +0x1f9
created by github.com/docker/docker/daemon.(*Daemon).newStatsCollector
	/go/src/github.com/docker/docker/daemon/stats_collector.go:24 +0x7f

goroutine 59 [chan receive, 1 minutes]:
github.com/docker/docker/daemon.(*Daemon).execCommandGC(0xc4202b2000)
	/go/src/github.com/docker/docker/daemon/exec.go:281 +0x158
created by github.com/docker/docker/daemon.NewDaemon
	/go/src/github.com/docker/docker/daemon/daemon.go:896 +0x285a

goroutine 66 [select, 130 minutes]:
github.com/docker/docker/vendor/github.com/docker/libnetwork.(*controller).watchLoop(0xc420104d00)
	/go/src/github.com/docker/docker/vendor/github.com/docker/libnetwork/store.go:452 +0xf9
created by github.com/docker/docker/vendor/github.com/docker/libnetwork.(*controller).startWatch
	/go/src/github.com/docker/docker/vendor/github.com/docker/libnetwork/store.go:469 +0x10e

goroutine 91 [IO wait, 3759 minutes]:
internal/poll.runtime_pollWait(0x7f6360c65a30, 0x72, 0xffffffffffffffff)
	/usr/local/go/src/runtime/netpoll.go:173 +0x57
internal/poll.(*pollDesc).wait(0xc42047c098, 0x72, 0xc4204a1d00, 0x0, 0x0)
	/usr/local/go/src/internal/poll/fd_poll_runtime.go:85 +0xae
internal/poll.(*pollDesc).waitRead(0xc42047c098, 0xffffffffffffff00, 0x0, 0x0)
	/usr/local/go/src/internal/poll/fd_poll_runtime.go:90 +0x3d
internal/poll.(*FD).Accept(0xc42047c080, 0x0, 0x0, 0x0, 0x0, 0x0, 0x0, 0x0)
	/usr/local/go/src/internal/poll/fd_unix.go:335 +0x1e2
net.(*netFD).accept(0xc42047c080, 0xc421764b20, 0x0, 0x0)
	/usr/local/go/src/net/fd_unix.go:238 +0x42
net.(*UnixListener).accept(0xc4207bbc80, 0x2032a03, 0x11ceea0, 0xc4204a1f40)
	/usr/local/go/src/net/unixsock_posix.go:162 +0x32
net.(*UnixListener).Accept(0xc4207bbc80, 0x2ae7a60, 0x38b0be0, 0xc421764b20, 0xc420104d00)
	/usr/local/go/src/net/unixsock.go:241 +0x49
github.com/docker/docker/vendor/github.com/docker/libnetwork.(*controller).acceptClientConnections(0xc420104d00, 0xc42005a180, 0x5c, 0x38a5ae0, 0xc4207bbc80)
	/go/src/github.com/docker/docker/vendor/github.com/docker/libnetwork/sandbox_externalkey_unix.go:127 +0x3b
created by github.com/docker/docker/vendor/github.com/docker/libnetwork.(*controller).startExternalKeyListener
	/go/src/github.com/docker/docker/vendor/github.com/docker/libnetwork/sandbox_externalkey_unix.go:121 +0x1e8

goroutine 90 [select, 6651 minutes]:
github.com/docker/docker/vendor/github.com/docker/libnetwork/drivers/overlay.(*driver).peerOpRoutine(0xc420104e00, 0x38a79e0, 0xc4201c0840, 0xc42005b680)
	/go/src/github.com/docker/docker/vendor/github.com/docker/libnetwork/drivers/overlay/peerdb.go:278 +0x137
created by github.com/docker/docker/vendor/github.com/docker/libnetwork/drivers/overlay.Init
	/go/src/github.com/docker/docker/vendor/github.com/docker/libnetwork/drivers/overlay/overlay.go:78 +0x235

goroutine 132 [select, 6651 minutes]:
github.com/docker/docker/daemon.(*Daemon).ProcessClusterNotifications(0xc4202b2000, 0x38a79e0, 0xc4209c0600, 0xc420209740)
	/go/src/github.com/docker/docker/daemon/events.go:150 +0x115
created by main.(*DaemonCli).start
	/go/src/github.com/docker/docker/cmd/dockerd/daemon.go:299 +0x1a6a

goroutine 133 [chan receive, 1916 minutes]:
main.(*DaemonCli).setupConfigReloadTrap.func1(0xc4209d6f60, 0xc420440420)
	/go/src/github.com/docker/docker/cmd/dockerd/daemon_unix.go:66 +0x69
created by main.(*DaemonCli).setupConfigReloadTrap
	/go/src/github.com/docker/docker/cmd/dockerd/daemon_unix.go:65 +0xbf

goroutine 134 [chan receive, 6651 minutes]:
github.com/docker/docker/api/server.(*Server).serveAPI(0xc420458fc0, 0x0, 0x0)
	/go/src/github.com/docker/docker/api/server/server.go:94 +0x14d
github.com/docker/docker/api/server.(*Server).Wait(0xc420458fc0, 0xc42096f920)
	/go/src/github.com/docker/docker/api/server/server.go:199 +0x2f
created by main.(*DaemonCli).start
	/go/src/github.com/docker/docker/cmd/dockerd/daemon.go:307 +0x1acf

goroutine 136 [IO wait, 4 minutes]:
internal/poll.runtime_pollWait(0x7f6360c65eb0, 0x72, 0xffffffffffffffff)
	/usr/local/go/src/runtime/netpoll.go:173 +0x57
internal/poll.(*pollDesc).wait(0xc4202e3898, 0x72, 0xc420188c00, 0x0, 0x0)
	/usr/local/go/src/internal/poll/fd_poll_runtime.go:85 +0xae
internal/poll.(*pollDesc).waitRead(0xc4202e3898, 0xffffffffffffff00, 0x0, 0x0)
	/usr/local/go/src/internal/poll/fd_poll_runtime.go:90 +0x3d
internal/poll.(*FD).Accept(0xc4202e3880, 0x0, 0x0, 0x0, 0x0, 0x0, 0x0, 0x0)
	/usr/local/go/src/internal/poll/fd_unix.go:335 +0x1e2
net.(*netFD).accept(0xc4202e3880, 0x11a05e6, 0x2aec128, 0xc420188e00)
	/usr/local/go/src/net/fd_unix.go:238 +0x42
net.(*UnixListener).accept(0xc4204409f0, 0xc420188e08, 0x11767d1, 0xc421c38080)
	/usr/local/go/src/net/unixsock_posix.go:162 +0x32
net.(*UnixListener).Accept(0xc4204409f0, 0xc420188e40, 0x14596e8, 0x11ceea0, 0xc420188e80)
	/usr/local/go/src/net/unixsock.go:241 +0x49
github.com/docker/docker/cmd/dockerd/hack.(*MalformedHostHeaderOverride).Accept(0xc420425200, 0x2aeb918, 0xc421c38000, 0x38a7aa0, 0xc4209fc3c0)
	/go/src/github.com/docker/docker/cmd/dockerd/hack/malformed_host_override.go:116 +0x37
net/http.(*Server).Serve(0xc420451040, 0x3899ee0, 0xc420425200, 0x0, 0x0)
	/usr/local/go/src/net/http/server.go:2695 +0x1b2
github.com/docker/docker/api/server.(*HTTPServer).Serve(0xc420456440, 0x10, 0xc4202adfb0)
	/go/src/github.com/docker/docker/api/server/server.go:112 +0x40
github.com/docker/docker/api/server.(*Server).serveAPI.func1(0xc4209d7080, 0xc420456440)
	/go/src/github.com/docker/docker/api/server/server.go:86 +0xaa
created by github.com/docker/docker/api/server.(*Server).serveAPI
	/go/src/github.com/docker/docker/api/server/server.go:83 +0x81

goroutine 137 [IO wait, 130 minutes]:
internal/poll.runtime_pollWait(0x7f6360c65df0, 0x72, 0xffffffffffffffff)
	/usr/local/go/src/runtime/netpoll.go:173 +0x57
internal/poll.(*pollDesc).wait(0xc4202e3998, 0x72, 0xc4204a7c00, 0x0, 0x0)
	/usr/local/go/src/internal/poll/fd_poll_runtime.go:85 +0xae
internal/poll.(*pollDesc).waitRead(0xc4202e3998, 0xffffffffffffff00, 0x0, 0x0)
	/usr/local/go/src/internal/poll/fd_poll_runtime.go:90 +0x3d
internal/poll.(*FD).Accept(0xc4202e3980, 0x0, 0x0, 0x0, 0x0, 0x0, 0x0, 0x0)
	/usr/local/go/src/internal/poll/fd_unix.go:335 +0x1e2
net.(*netFD).accept(0xc4202e3980, 0xc4204a7e38, 0x11d9007, 0xc421c38300)
	/usr/local/go/src/net/fd_unix.go:238 +0x42
net.(*TCPListener).accept(0xc42000ec20, 0x14596e8, 0x11ceea0, 0xc4204a7e80)
	/usr/local/go/src/net/tcpsock_posix.go:136 +0x2e
net.(*TCPListener).Accept(0xc42000ec20, 0x2aeb918, 0xc421c38280, 0x38a7aa0, 0xc4209fc300)
	/usr/local/go/src/net/tcpsock.go:247 +0x49
net/http.(*Server).Serve(0xc420451450, 0x38a5aa0, 0xc42000ec20, 0x0, 0x0)
	/usr/local/go/src/net/http/server.go:2695 +0x1b2
github.com/docker/docker/api/server.(*HTTPServer).Serve(0xc420456580, 0x10, 0xc4202ae7b0)
	/go/src/github.com/docker/docker/api/server/server.go:112 +0x40
github.com/docker/docker/api/server.(*Server).serveAPI.func1(0xc4209d7080, 0xc420456580)
	/go/src/github.com/docker/docker/api/server/server.go:86 +0xaa
created by github.com/docker/docker/api/server.(*Server).serveAPI
	/go/src/github.com/docker/docker/api/server/server.go:83 +0x81

goroutine 12013 [IO wait]:
internal/poll.runtime_pollWait(0x7f6360c9b648, 0x72, 0x0)
	/usr/local/go/src/runtime/netpoll.go:173 +0x57
internal/poll.(*pollDesc).wait(0xc4202e2b98, 0x72, 0xc4215d2100, 0x28, 0x0)
	/usr/local/go/src/internal/poll/fd_poll_runtime.go:85 +0xae
internal/poll.(*pollDesc).waitRead(0xc4202e2b98, 0xc422430c00, 0x200, 0x200)
	/usr/local/go/src/internal/poll/fd_poll_runtime.go:90 +0x3d
internal/poll.(*FD).ReadMsg(0xc4202e2b80, 0xc422430c00, 0x200, 0x200, 0xc4215d2120, 0x28, 0x28, 0x0, 0x0, 0x0, ...)
	/usr/local/go/src/internal/poll/fd_unix.go:194 +0x222
net.(*netFD).readMsg(0xc4202e2b80, 0xc422430c00, 0x200, 0x200, 0xc4215d2120, 0x28, 0x28, 0x16b1fd5fec86e, 0x9, 0xc424ec5630, ...)
	/usr/local/go/src/net/fd_unix.go:214 +0x90
net.(*UDPConn).readMsg(0xc4217640a8, 0xc422430c00, 0x200, 0x200, 0xc4215d2120, 0x28, 0x28, 0xc4200e4380, 0x7f6360cb1000, 0x0, ...)
	/usr/local/go/src/net/udpsock_posix.go:59 +0x91
net.(*UDPConn).ReadMsgUDP(0xc4217640a8, 0xc422430c00, 0x200, 0x200, 0xc4215d2120, 0x28, 0x28, 0x72, 0xc4200e4380, 0x7f6360cb1000, ...)
	/usr/local/go/src/net/udpsock.go:139 +0xaa
github.com/docker/docker/vendor/github.com/miekg/dns.ReadFromSessionUDP(0xc4217640a8, 0xc422430c00, 0x200, 0x200, 0x200, 0x200, 0x3904b60, 0xc424ec5630)
	/go/src/github.com/docker/docker/vendor/github.com/miekg/dns/udp.go:47 +0xb4
github.com/docker/docker/vendor/github.com/miekg/dns.(*Server).readUDP(0xc420fce000, 0xc4217640a8, 0x77359400, 0x0, 0x0, 0x0, 0x0, 0x388a720, 0xc424ec5630)
	/go/src/github.com/docker/docker/vendor/github.com/miekg/dns/server.go:605 +0xbc
github.com/docker/docker/vendor/github.com/miekg/dns.(*defaultReader).ReadUDP(0xc421764330, 0xc4217640a8, 0x77359400, 0x0, 0x0, 0x0, 0x0, 0x388a720, 0xc424ec5630)
	/go/src/github.com/docker/docker/vendor/github.com/miekg/dns/server.go:230 +0x46
github.com/docker/docker/vendor/github.com/miekg/dns.(*Server).serveUDP(0xc420fce000, 0xc4217640a8, 0x0, 0x0)
	/go/src/github.com/docker/docker/vendor/github.com/miekg/dns/server.go:478 +0x149
github.com/docker/docker/vendor/github.com/miekg/dns.(*Server).ActivateAndServe(0xc420fce000, 0x0, 0x0)
	/go/src/github.com/docker/docker/vendor/github.com/miekg/dns/server.go:354 +0x24a
github.com/docker/docker/vendor/github.com/docker/libnetwork.(*resolver).Start.func2(0xc420fce000)
	/go/src/github.com/docker/docker/vendor/github.com/docker/libnetwork/resolver.go:160 +0x2b
created by github.com/docker/docker/vendor/github.com/docker/libnetwork.(*resolver).Start
	/go/src/github.com/docker/docker/vendor/github.com/docker/libnetwork/resolver.go:159 +0x1c2

goroutine 11022 [semacquire, 3765 minutes]:
sync.runtime_notifyListWait(0xc420c28990, 0x0)
	/usr/local/go/src/runtime/sema.go:507 +0x110
sync.(*Cond).Wait(0xc420c28980)
	/usr/local/go/src/sync/cond.go:56 +0x80
github.com/docker/docker/pkg/ioutils.(*BytesPipe).Read(0xc420c28940, 0xc421178000, 0x800, 0x4000, 0x4000, 0x4000, 0x0)
	/go/src/github.com/docker/docker/pkg/ioutils/bytespipe.go:134 +0x59
github.com/docker/docker/daemon/logger.(*Copier).copySrc(0xc420c289c0, 0x2a5020e, 0x6, 0x7f635c262a50, 0xc420c28940)
	/go/src/github.com/docker/docker/daemon/logger/copier.go:74 +0x702
created by github.com/docker/docker/daemon/logger.(*Copier).Run
	/go/src/github.com/docker/docker/daemon/logger/copier.go:46 +0x10f

goroutine 10112 [IO wait, 3767 minutes]:
internal/poll.runtime_pollWait(0x7f6360c9c008, 0x72, 0x1)
	/usr/local/go/src/runtime/netpoll.go:173 +0x57
internal/poll.(*pollDesc).wait(0xc4216b46f8, 0x72, 0xffffffffffffff01, 0x3892720, 0x3883298)
	/usr/local/go/src/internal/poll/fd_poll_runtime.go:85 +0xae
internal/poll.(*pollDesc).waitRead(0xc4216b46f8, 0xc4212ec001, 0x8000, 0x8000)
	/usr/local/go/src/internal/poll/fd_poll_runtime.go:90 +0x3d
internal/poll.(*FD).Read(0xc4216b46e0, 0xc4212ec000, 0x8000, 0x8000, 0x0, 0x0, 0x0)
	/usr/local/go/src/internal/poll/fd_unix.go:126 +0x18a
os.(*File).read(0xc4217641e0, 0xc4212ec000, 0x8000, 0x8000, 0xc4211093d8, 0x7fc0, 0x18)
	/usr/local/go/src/os/file_unix.go:216 +0x4e
os.(*File).Read(0xc4217641e0, 0xc4212ec000, 0x8000, 0x8000, 0xc4209ac240, 0xc4212ec040, 0x18)
	/usr/local/go/src/os/file.go:103 +0x6d
github.com/docker/docker/vendor/github.com/containerd/fifo.(*fifo).Read(0xc4214c54a0, 0xc4212ec000, 0x8000, 0x8000, 0x58, 0x0, 0x0)
	/go/src/github.com/docker/docker/vendor/github.com/containerd/fifo/fifo.go:138 +0x232
io.copyBuffer(0x3886a20, 0xc4209ac240, 0x7f635c263b30, 0xc4214c54a0, 0xc4212ec000, 0x8000, 0x8000, 0xc42036f5c0, 0x26b98c0, 0xc421a9ff20)
	/usr/local/go/src/io/io.go:392 +0x123
io.CopyBuffer(0x3886a20, 0xc4209ac240, 0x7f635c263b30, 0xc4214c54a0, 0xc4212ec000, 0x8000, 0x8000, 0xc420024fa0, 0x0, 0xc42096fb60)
	/usr/local/go/src/io/io.go:373 +0x82
github.com/docker/docker/pkg/pools.Copy(0x3886a20, 0xc4209ac240, 0x7f635c263b30, 0xc4214c54a0, 0xc4214c54a0, 0x1, 0x0)
	/go/src/github.com/docker/docker/pkg/pools/pools.go:81 +0xa4
github.com/docker/docker/container/stream.(*Config).CopyToPipe.func1.1(0x3886a20, 0xc4209ac240, 0x7f635c263b00, 0xc4214c54a0, 0xc420c28300)
	/go/src/github.com/docker/docker/container/stream/streams.go:121 +0x71
created by github.com/docker/docker/container/stream.(*Config).CopyToPipe.func1
	/go/src/github.com/docker/docker/container/stream/streams.go:120 +0x84

goroutine 11715 [semacquire, 3746 minutes]:
sync.runtime_notifyListWait(0xc42004f410, 0xf)
	/usr/local/go/src/runtime/sema.go:507 +0x110
sync.(*Cond).Wait(0xc42004f400)
	/usr/local/go/src/sync/cond.go:56 +0x80
github.com/docker/docker/pkg/ioutils.(*BytesPipe).Read(0xc42004e200, 0xc421c76000, 0x800, 0x4000, 0xffffffffffffffff, 0xc420d58580, 0x0)
	/go/src/github.com/docker/docker/pkg/ioutils/bytespipe.go:134 +0x59
github.com/docker/docker/daemon/logger.(*Copier).copySrc(0xc42004f540, 0x2a50214, 0x6, 0x7f635c262a50, 0xc42004e200)
	/go/src/github.com/docker/docker/daemon/logger/copier.go:74 +0x702
created by github.com/docker/docker/daemon/logger.(*Copier).Run
	/go/src/github.com/docker/docker/daemon/logger/copier.go:46 +0x10f

goroutine 11021 [semacquire, 3765 minutes]:
sync.runtime_notifyListWait(0xc420c28910, 0x4)
	/usr/local/go/src/runtime/sema.go:507 +0x110
sync.(*Cond).Wait(0xc420c28900)
	/usr/local/go/src/sync/cond.go:56 +0x80
github.com/docker/docker/pkg/ioutils.(*BytesPipe).Read(0xc420c288c0, 0xc421b8c000, 0x800, 0x4000, 0xffffffffffffffff, 0x0, 0x0)
	/go/src/github.com/docker/docker/pkg/ioutils/bytespipe.go:134 +0x59
github.com/docker/docker/daemon/logger.(*Copier).copySrc(0xc420c289c0, 0x2a50214, 0x6, 0x7f635c262a50, 0xc420c288c0)
	/go/src/github.com/docker/docker/daemon/logger/copier.go:74 +0x702
created by github.com/docker/docker/daemon/logger.(*Copier).Run
	/go/src/github.com/docker/docker/daemon/logger/copier.go:46 +0x10f

goroutine 10111 [semacquire, 3767 minutes]:
sync.runtime_notifyListWait(0xc421216750, 0x1)
	/usr/local/go/src/runtime/sema.go:507 +0x110
sync.(*Cond).Wait(0xc421216740)
	/usr/local/go/src/sync/cond.go:56 +0x80
github.com/docker/docker/pkg/ioutils.(*BytesPipe).Read(0xc4212166c0, 0xc42130a000, 0x800, 0x4000, 0xffffffffffffffff, 0x0, 0x0)
	/go/src/github.com/docker/docker/pkg/ioutils/bytespipe.go:134 +0x59
github.com/docker/docker/daemon/logger.(*Copier).copySrc(0xc4212167c0, 0x2a5020e, 0x6, 0x7f635c262a50, 0xc4212166c0)
	/go/src/github.com/docker/docker/daemon/logger/copier.go:74 +0x702
created by github.com/docker/docker/daemon/logger.(*Copier).Run
	/go/src/github.com/docker/docker/daemon/logger/copier.go:46 +0x10f

goroutine 11716 [semacquire, 3762 minutes]:
sync.runtime_notifyListWait(0xc42004f510, 0x2)
	/usr/local/go/src/runtime/sema.go:507 +0x110
sync.(*Cond).Wait(0xc42004f500)
	/usr/local/go/src/sync/cond.go:56 +0x80
github.com/docker/docker/pkg/ioutils.(*BytesPipe).Read(0xc42004f4c0, 0xc421ae6000, 0x800, 0x4000, 0xffffffffffffffff, 0x0, 0x0)
	/go/src/github.com/docker/docker/pkg/ioutils/bytespipe.go:134 +0x59
github.com/docker/docker/daemon/logger.(*Copier).copySrc(0xc42004f540, 0x2a5020e, 0x6, 0x7f635c262a50, 0xc42004f4c0)
	/go/src/github.com/docker/docker/daemon/logger/copier.go:74 +0x702
created by github.com/docker/docker/daemon/logger.(*Copier).Run
	/go/src/github.com/docker/docker/daemon/logger/copier.go:46 +0x10f

goroutine 10433 [IO wait, 3769 minutes]:
internal/poll.runtime_pollWait(0x7f6360c9bf48, 0x72, 0xffffffffffffffff)
	/usr/local/go/src/runtime/netpoll.go:173 +0x57
internal/poll.(*pollDesc).wait(0xc42174e698, 0x72, 0xc4202a9c00, 0x0, 0x0)
	/usr/local/go/src/internal/poll/fd_poll_runtime.go:85 +0xae
internal/poll.(*pollDesc).waitRead(0xc42174e698, 0xffffffffffffff00, 0x0, 0x0)
	/usr/local/go/src/internal/poll/fd_poll_runtime.go:90 +0x3d
internal/poll.(*FD).Accept(0xc42174e680, 0x0, 0x0, 0x0, 0x0, 0x0, 0x0, 0x0)
	/usr/local/go/src/internal/poll/fd_unix.go:335 +0x1e2
net.(*netFD).accept(0xc42174e680, 0x7f6360cb1000, 0x0, 0x0)
	/usr/local/go/src/net/fd_unix.go:238 +0x42
net.(*TCPListener).accept(0xc421764078, 0xc4202a9e50, 0x1186888, 0x8)
	/usr/local/go/src/net/tcpsock_posix.go:136 +0x2e
net.(*TCPListener).AcceptTCP(0xc421764078, 0xc421764048, 0xc421764078, 0xc4202a9ee8)
	/usr/local/go/src/net/tcpsock.go:234 +0x49
github.com/docker/docker/vendor/github.com/miekg/dns.(*Server).serveTCP(0xc4202500d0, 0xc421764078, 0x0, 0x0)
	/go/src/github.com/docker/docker/vendor/github.com/miekg/dns/server.go:435 +0x125
github.com/docker/docker/vendor/github.com/miekg/dns.(*Server).ActivateAndServe(0xc4202500d0, 0x0, 0x0)
	/go/src/github.com/docker/docker/vendor/github.com/miekg/dns/server.go:363 +0x18b
github.com/docker/docker/vendor/github.com/docker/libnetwork.(*resolver).Start.func3(0xc4202500d0)
	/go/src/github.com/docker/docker/vendor/github.com/docker/libnetwork/resolver.go:166 +0x2b
created by github.com/docker/docker/vendor/github.com/docker/libnetwork.(*resolver).Start
	/go/src/github.com/docker/docker/vendor/github.com/docker/libnetwork/resolver.go:165 +0x248

goroutine 13291 [semacquire, 26 minutes]:
sync.runtime_notifyListWait(0xc421b365d0, 0x148)
	/usr/local/go/src/runtime/sema.go:507 +0x110
sync.(*Cond).Wait(0xc421b365c0)
	/usr/local/go/src/sync/cond.go:56 +0x80
github.com/docker/docker/pkg/ioutils.(*BytesPipe).Read(0xc421b36580, 0xc422504000, 0x800, 0x4000, 0xffffffffffffffff, 0x0, 0x0)
	/go/src/github.com/docker/docker/pkg/ioutils/bytespipe.go:134 +0x59
github.com/docker/docker/daemon/logger.(*Copier).copySrc(0xc421b36680, 0x2a50214, 0x6, 0x7f635c262a50, 0xc421b36580)
	/go/src/github.com/docker/docker/daemon/logger/copier.go:74 +0x702
created by github.com/docker/docker/daemon/logger.(*Copier).Run
	/go/src/github.com/docker/docker/daemon/logger/copier.go:46 +0x10f

goroutine 13293 [IO wait, 26 minutes]:
internal/poll.runtime_pollWait(0x7f6360c9b7c8, 0x72, 0x1)
	/usr/local/go/src/runtime/netpoll.go:173 +0x57
internal/poll.(*pollDesc).wait(0xc421672478, 0x72, 0xffffffffffffff01, 0x3892720, 0x3883298)
	/usr/local/go/src/internal/poll/fd_poll_runtime.go:85 +0xae
internal/poll.(*pollDesc).waitRead(0xc421672478, 0xc42250c001, 0x8000, 0x8000)
	/usr/local/go/src/internal/poll/fd_poll_runtime.go:90 +0x3d
internal/poll.(*FD).Read(0xc421672460, 0xc42250c000, 0x8000, 0x8000, 0x0, 0x0, 0x0)
	/usr/local/go/src/internal/poll/fd_unix.go:126 +0x18a
os.(*File).read(0xc421764c60, 0xc42250c000, 0x8000, 0x8000, 0xc420f7baf8, 0x8000, 0x2f)
	/usr/local/go/src/os/file_unix.go:216 +0x4e
os.(*File).Read(0xc421764c60, 0xc42250c000, 0x8000, 0x8000, 0xc4218e0060, 0xc42250c000, 0x2f)
	/usr/local/go/src/os/file.go:103 +0x6d
github.com/docker/docker/vendor/github.com/containerd/fifo.(*fifo).Read(0xc420459020, 0xc42250c000, 0x8000, 0x8000, 0x2f, 0x0, 0x0)
	/go/src/github.com/docker/docker/vendor/github.com/containerd/fifo/fifo.go:138 +0x232
io.copyBuffer(0x3886a20, 0xc4218e0060, 0x7f635c263b30, 0xc420459020, 0xc42250c000, 0x8000, 0x8000, 0xc42036f5c0, 0x26b98c0, 0xc4211bd280)
	/usr/local/go/src/io/io.go:392 +0x123
io.CopyBuffer(0x3886a20, 0xc4218e0060, 0x7f635c263b30, 0xc420459020, 0xc42250c000, 0x8000, 0x8000, 0xc4210b6240, 0x1b0ee51, 0xc4202aef38)
	/usr/local/go/src/io/io.go:373 +0x82
github.com/docker/docker/pkg/pools.Copy(0x3886a20, 0xc4218e0060, 0x7f635c263b30, 0xc420459020, 0xc420459020, 0x0, 0x11a9128)
	/go/src/github.com/docker/docker/pkg/pools/pools.go:81 +0xa4
github.com/docker/docker/container/stream.(*Config).CopyToPipe.func1.1(0x3886a20, 0xc4218e0060, 0x7f635c263b00, 0xc420459020, 0xc4216a5e00)
	/go/src/github.com/docker/docker/container/stream/streams.go:121 +0x71
created by github.com/docker/docker/container/stream.(*Config).CopyToPipe.func1
	/go/src/github.com/docker/docker/container/stream/streams.go:120 +0x84

goroutine 11717 [IO wait, 3746 minutes]:
internal/poll.runtime_pollWait(0x7f6360c9c308, 0x72, 0x1)
	/usr/local/go/src/runtime/netpoll.go:173 +0x57
internal/poll.(*pollDesc).wait(0xc4216b4ce8, 0x72, 0xffffffffffffff01, 0x3892720, 0x3883298)
	/usr/local/go/src/internal/poll/fd_poll_runtime.go:85 +0xae
internal/poll.(*pollDesc).waitRead(0xc4216b4ce8, 0xc421a64001, 0x8000, 0x8000)
	/usr/local/go/src/internal/poll/fd_poll_runtime.go:90 +0x3d
internal/poll.(*FD).Read(0xc4216b4cd0, 0xc421a64000, 0x8000, 0x8000, 0x0, 0x0, 0x0)
	/usr/local/go/src/internal/poll/fd_unix.go:126 +0x18a
os.(*File).read(0xc421764590, 0xc421a64000, 0x8000, 0x8000, 0xc42005b4f8, 0x7c40, 0x1df)
	/usr/local/go/src/os/file_unix.go:216 +0x4e
os.(*File).Read(0xc421764590, 0xc421a64000, 0x8000, 0x8000, 0xc42129b9a0, 0xc421a643c0, 0x1df)
	/usr/local/go/src/os/file.go:103 +0x6d
github.com/docker/docker/vendor/github.com/containerd/fifo.(*fifo).Read(0xc4214c82a0, 0xc421a64000, 0x8000, 0x8000, 0x59f, 0x0, 0x0)
	/go/src/github.com/docker/docker/vendor/github.com/containerd/fifo/fifo.go:138 +0x232
io.copyBuffer(0x3886a20, 0xc42129b9a0, 0x7f635c263b30, 0xc4214c82a0, 0xc421a64000, 0x8000, 0x8000, 0xc42036f5c0, 0x26b98c0, 0xc420e9af00)
	/usr/local/go/src/io/io.go:392 +0x123
io.CopyBuffer(0x3886a20, 0xc42129b9a0, 0x7f635c263b30, 0xc4214c82a0, 0xc421a64000, 0x8000, 0x8000, 0x11b5ee5, 0xc421acaa20, 0x4)
	/usr/local/go/src/io/io.go:373 +0x82
github.com/docker/docker/pkg/pools.Copy(0x3886a20, 0xc42129b9a0, 0x7f635c263b30, 0xc4214c82a0, 0xc4214c82a0, 0xc4216b5680, 0x388a701)
	/go/src/github.com/docker/docker/pkg/pools/pools.go:81 +0xa4
github.com/docker/docker/container/stream.(*Config).CopyToPipe.func1.1(0x3886a20, 0xc42129b9a0, 0x7f635c263b00, 0xc4214c82a0, 0xc420f8bb40)
	/go/src/github.com/docker/docker/container/stream/streams.go:121 +0x71
created by github.com/docker/docker/container/stream.(*Config).CopyToPipe.func1
	/go/src/github.com/docker/docker/container/stream/streams.go:120 +0x84

goroutine 11024 [IO wait, 3765 minutes]:
internal/poll.runtime_pollWait(0x7f6360c655b0, 0x72, 0x1)
	/usr/local/go/src/runtime/netpoll.go:173 +0x57
internal/poll.(*pollDesc).wait(0xc42098a158, 0x72, 0xffffffffffffff01, 0x3892720, 0x3883298)
	/usr/local/go/src/internal/poll/fd_poll_runtime.go:85 +0xae
internal/poll.(*pollDesc).waitRead(0xc42098a158, 0xc421d5e001, 0x8000, 0x8000)
	/usr/local/go/src/internal/poll/fd_poll_runtime.go:90 +0x3d
internal/poll.(*FD).Read(0xc42098a140, 0xc421d5e000, 0x8000, 0x8000, 0x0, 0x0, 0x0)
	/usr/local/go/src/internal/poll/fd_unix.go:126 +0x18a
os.(*File).read(0xc421764008, 0xc421d5e000, 0x8000, 0x8000, 0xc421a7fd60, 0x11a0308, 0x1186127)
	/usr/local/go/src/os/file_unix.go:216 +0x4e
os.(*File).Read(0xc421764008, 0xc421d5e000, 0x8000, 0x8000, 0x7f6360c86a70, 0x60060cb1001, 0x2000000008)
	/usr/local/go/src/os/file.go:103 +0x6d
github.com/docker/docker/vendor/github.com/containerd/fifo.(*fifo).Read(0xc420f71f80, 0xc421d5e000, 0x8000, 0x8000, 0x0, 0x8000, 0x8000)
	/go/src/github.com/docker/docker/vendor/github.com/containerd/fifo/fifo.go:143 +0x1bf
io.copyBuffer(0x3886a20, 0xc421a86060, 0x7f635c263b30, 0xc420f71f80, 0xc421d5e000, 0x8000, 0x8000, 0xc42036f5c0, 0x26b98c0, 0xc42127be20)
	/usr/local/go/src/io/io.go:392 +0x123
io.CopyBuffer(0x3886a20, 0xc421a86060, 0x7f635c263b30, 0xc420f71f80, 0xc421d5e000, 0x8000, 0x8000, 0x11b5ee5, 0xc420f708a0, 0x4)
	/usr/local/go/src/io/io.go:373 +0x82
github.com/docker/docker/pkg/pools.Copy(0x3886a20, 0xc421a86060, 0x7f635c263b30, 0xc420f71f80, 0xc420f71f80, 0xc42116dbd0, 0x388a701)
	/go/src/github.com/docker/docker/pkg/pools/pools.go:81 +0xa4
github.com/docker/docker/container/stream.(*Config).CopyToPipe.func1.1(0x3886a20, 0xc421a86060, 0x7f635c263b00, 0xc420f71f80, 0xc42047f680)
	/go/src/github.com/docker/docker/container/stream/streams.go:121 +0x71
created by github.com/docker/docker/container/stream.(*Config).CopyToPipe.func1
	/go/src/github.com/docker/docker/container/stream/streams.go:120 +0x84

goroutine 11031 [IO wait, 3765 minutes]:
internal/poll.runtime_pollWait(0x7f6360c9be88, 0x72, 0xffffffffffffffff)
	/usr/local/go/src/runtime/netpoll.go:173 +0x57
internal/poll.(*pollDesc).wait(0xc42174ee98, 0x72, 0xc4202ae400, 0x0, 0x0)
	/usr/local/go/src/internal/poll/fd_poll_runtime.go:85 +0xae
internal/poll.(*pollDesc).waitRead(0xc42174ee98, 0xffffffffffffff00, 0x0, 0x0)
	/usr/local/go/src/internal/poll/fd_poll_runtime.go:90 +0x3d
internal/poll.(*FD).Accept(0xc42174ee80, 0x0, 0x0, 0x0, 0x0, 0x0, 0x0, 0x0)
	/usr/local/go/src/internal/poll/fd_unix.go:335 +0x1e2
net.(*netFD).accept(0xc42174ee80, 0xc421a50a80, 0x11cca20, 0xc421a50a80)
	/usr/local/go/src/net/fd_unix.go:238 +0x42
net.(*TCPListener).accept(0xc4217640e0, 0x11871ed, 0xc4217642d0, 0xc42164b2b0)
	/usr/local/go/src/net/tcpsock_posix.go:136 +0x2e
net.(*TCPListener).AcceptTCP(0xc4217640e0, 0xc42164b2b0, 0xc4217640e0, 0x1187156)
	/usr/local/go/src/net/tcpsock.go:234 +0x49
github.com/docker/docker/vendor/github.com/miekg/dns.(*Server).serveTCP(0xc42164b2b0, 0xc4217640e0, 0x0, 0x0)
	/go/src/github.com/docker/docker/vendor/github.com/miekg/dns/server.go:435 +0x125
github.com/docker/docker/vendor/github.com/miekg/dns.(*Server).ActivateAndServe(0xc42164b2b0, 0x0, 0x0)
	/go/src/github.com/docker/docker/vendor/github.com/miekg/dns/server.go:363 +0x18b
github.com/docker/docker/vendor/github.com/docker/libnetwork.(*resolver).Start.func3(0xc42164b2b0)
	/go/src/github.com/docker/docker/vendor/github.com/docker/libnetwork/resolver.go:166 +0x2b
created by github.com/docker/docker/vendor/github.com/docker/libnetwork.(*resolver).Start
	/go/src/github.com/docker/docker/vendor/github.com/docker/libnetwork/resolver.go:165 +0x248

goroutine 11030 [IO wait]:
internal/poll.runtime_pollWait(0x7f6360c9c3c8, 0x72, 0x0)
	/usr/local/go/src/runtime/netpoll.go:173 +0x57
internal/poll.(*pollDesc).wait(0xc42174ed98, 0x72, 0xc4215d2000, 0x28, 0x0)
	/usr/local/go/src/internal/poll/fd_poll_runtime.go:85 +0xae
internal/poll.(*pollDesc).waitRead(0xc42174ed98, 0xc422430600, 0x200, 0x200)
	/usr/local/go/src/internal/poll/fd_poll_runtime.go:90 +0x3d
internal/poll.(*FD).ReadMsg(0xc42174ed80, 0xc422430600, 0x200, 0x200, 0xc4215d2090, 0x28, 0x28, 0x0, 0x0, 0x0, ...)
	/usr/local/go/src/internal/poll/fd_unix.go:194 +0x222
net.(*netFD).readMsg(0xc42174ed80, 0xc422430600, 0x200, 0x200, 0xc4215d2090, 0x28, 0x28, 0xaa, 0x9, 0xc4217d6af0, ...)
	/usr/local/go/src/net/fd_unix.go:214 +0x90
net.(*UDPConn).readMsg(0xc4217640d8, 0xc422430600, 0x200, 0x200, 0xc4215d2090, 0x28, 0x28, 0xc421a51880, 0x7f6360cb1000, 0x0, ...)
	/usr/local/go/src/net/udpsock_posix.go:59 +0x91
net.(*UDPConn).ReadMsgUDP(0xc4217640d8, 0xc422430600, 0x200, 0x200, 0xc4215d2090, 0x28, 0x28, 0x72, 0xc421a51880, 0x7f6360cb1000, ...)
	/usr/local/go/src/net/udpsock.go:139 +0xaa
github.com/docker/docker/vendor/github.com/miekg/dns.ReadFromSessionUDP(0xc4217640d8, 0xc422430600, 0x200, 0x200, 0x200, 0x200, 0x3904b60, 0xc4217d6af0)
	/go/src/github.com/docker/docker/vendor/github.com/miekg/dns/udp.go:47 +0xb4
github.com/docker/docker/vendor/github.com/miekg/dns.(*Server).readUDP(0xc42164b1e0, 0xc4217640d8, 0x77359400, 0x0, 0x0, 0x0, 0x0, 0x388a720, 0xc4217d6af0)
	/go/src/github.com/docker/docker/vendor/github.com/miekg/dns/server.go:605 +0xbc
github.com/docker/docker/vendor/github.com/miekg/dns.(*defaultReader).ReadUDP(0xc421764308, 0xc4217640d8, 0x77359400, 0x0, 0x0, 0x0, 0x0, 0x388a720, 0xc4217d6af0)
	/go/src/github.com/docker/docker/vendor/github.com/miekg/dns/server.go:230 +0x46
github.com/docker/docker/vendor/github.com/miekg/dns.(*Server).serveUDP(0xc42164b1e0, 0xc4217640d8, 0x0, 0x0)
	/go/src/github.com/docker/docker/vendor/github.com/miekg/dns/server.go:478 +0x149
github.com/docker/docker/vendor/github.com/miekg/dns.(*Server).ActivateAndServe(0xc42164b1e0, 0x0, 0x0)
	/go/src/github.com/docker/docker/vendor/github.com/miekg/dns/server.go:354 +0x24a
github.com/docker/docker/vendor/github.com/docker/libnetwork.(*resolver).Start.func2(0xc42164b1e0)
	/go/src/github.com/docker/docker/vendor/github.com/docker/libnetwork/resolver.go:160 +0x2b
created by github.com/docker/docker/vendor/github.com/docker/libnetwork.(*resolver).Start
	/go/src/github.com/docker/docker/vendor/github.com/docker/libnetwork/resolver.go:159 +0x1c2

goroutine 13292 [semacquire, 3750 minutes]:
sync.runtime_notifyListWait(0xc421b36650, 0x2)
	/usr/local/go/src/runtime/sema.go:507 +0x110
sync.(*Cond).Wait(0xc421b36640)
	/usr/local/go/src/sync/cond.go:56 +0x80
github.com/docker/docker/pkg/ioutils.(*BytesPipe).Read(0xc421b36600, 0xc422508000, 0x800, 0x4000, 0xffffffffffffffff, 0x0, 0x0)
	/go/src/github.com/docker/docker/pkg/ioutils/bytespipe.go:134 +0x59
github.com/docker/docker/daemon/logger.(*Copier).copySrc(0xc421b36680, 0x2a5020e, 0x6, 0x7f635c262a50, 0xc421b36600)
	/go/src/github.com/docker/docker/daemon/logger/copier.go:74 +0x702
created by github.com/docker/docker/daemon/logger.(*Copier).Run
	/go/src/github.com/docker/docker/daemon/logger/copier.go:46 +0x10f

goroutine 13294 [IO wait, 3750 minutes]:
internal/poll.runtime_pollWait(0x7f6360c65430, 0x72, 0x1)
	/usr/local/go/src/runtime/netpoll.go:173 +0x57
internal/poll.(*pollDesc).wait(0xc4216724c8, 0x72, 0xffffffffffffff01, 0x3892720, 0x3883298)
	/usr/local/go/src/internal/poll/fd_poll_runtime.go:85 +0xae
internal/poll.(*pollDesc).waitRead(0xc4216724c8, 0xc4224fc001, 0x8000, 0x8000)
	/usr/local/go/src/internal/poll/fd_poll_runtime.go:90 +0x3d
internal/poll.(*FD).Read(0xc4216724b0, 0xc4224fc000, 0x8000, 0x8000, 0x0, 0x0, 0x0)
	/usr/local/go/src/internal/poll/fd_unix.go:126 +0x18a
os.(*File).read(0xc421764c68, 0xc4224fc000, 0x8000, 0x8000, 0xc420f7bc18, 0x7fc0, 0xb)
	/usr/local/go/src/os/file_unix.go:216 +0x4e
os.(*File).Read(0xc421764c68, 0xc4224fc000, 0x8000, 0x8000, 0xc4218e0040, 0xc4224fc040, 0xb)
	/usr/local/go/src/os/file.go:103 +0x6d
github.com/docker/docker/vendor/github.com/containerd/fifo.(*fifo).Read(0xc4204590e0, 0xc4224fc000, 0x8000, 0x8000, 0x4b, 0x0, 0x0)
	/go/src/github.com/docker/docker/vendor/github.com/containerd/fifo/fifo.go:138 +0x232
io.copyBuffer(0x3886a20, 0xc4218e0040, 0x7f635c263b30, 0xc4204590e0, 0xc4224fc000, 0x8000, 0x8000, 0xc42036f5c0, 0x26b98c0, 0xc4211bd220)
	/usr/local/go/src/io/io.go:392 +0x123
io.CopyBuffer(0x3886a20, 0xc4218e0040, 0x7f635c263b30, 0xc4204590e0, 0xc4224fc000, 0x8000, 0x8000, 0xc42185afb8, 0x1b0ee51, 0xc42185af38)
	/usr/local/go/src/io/io.go:373 +0x82
github.com/docker/docker/pkg/pools.Copy(0x3886a20, 0xc4218e0040, 0x7f635c263b30, 0xc4204590e0, 0xc4204590e0, 0xc422139860, 0x1b0ee43)
	/go/src/github.com/docker/docker/pkg/pools/pools.go:81 +0xa4
github.com/docker/docker/container/stream.(*Config).CopyToPipe.func1.1(0x3886a20, 0xc4218e0040, 0x7f635c263b00, 0xc4204590e0, 0xc4216a5e00)
	/go/src/github.com/docker/docker/container/stream/streams.go:121 +0x71
created by github.com/docker/docker/container/stream.(*Config).CopyToPipe.func1
	/go/src/github.com/docker/docker/container/stream/streams.go:120 +0x84

goroutine 13306 [IO wait, 3759 minutes]:
internal/poll.runtime_pollWait(0x7f6360c654f0, 0x72, 0xffffffffffffffff)
	/usr/local/go/src/runtime/netpoll.go:173 +0x57
internal/poll.(*pollDesc).wait(0xc4202e3f98, 0x72, 0xc4202aec00, 0x0, 0x0)
	/usr/local/go/src/internal/poll/fd_poll_runtime.go:85 +0xae
internal/poll.(*pollDesc).waitRead(0xc4202e3f98, 0xffffffffffffff00, 0x0, 0x0)
	/usr/local/go/src/internal/poll/fd_poll_runtime.go:90 +0x3d
internal/poll.(*FD).Accept(0xc4202e3f80, 0x0, 0x0, 0x0, 0x0, 0x0, 0x0, 0x0)
	/usr/local/go/src/internal/poll/fd_unix.go:335 +0x1e2
net.(*netFD).accept(0xc4202e3f80, 0x7f6360cb1000, 0x0, 0xc420459020)
	/usr/local/go/src/net/fd_unix.go:238 +0x42
net.(*TCPListener).accept(0xc421764b88, 0xc4202aee50, 0x1186888, 0x8)
	/usr/local/go/src/net/tcpsock_posix.go:136 +0x2e
net.(*TCPListener).AcceptTCP(0xc421764b88, 0xc421764bc8, 0xc421764b88, 0xc4218e0060)
	/usr/local/go/src/net/tcpsock.go:234 +0x49
github.com/docker/docker/vendor/github.com/miekg/dns.(*Server).serveTCP(0xc4217ee410, 0xc421764b88, 0x0, 0x0)
	/go/src/github.com/docker/docker/vendor/github.com/miekg/dns/server.go:435 +0x125
github.com/docker/docker/vendor/github.com/miekg/dns.(*Server).ActivateAndServe(0xc4217ee410, 0x0, 0x0)
	/go/src/github.com/docker/docker/vendor/github.com/miekg/dns/server.go:363 +0x18b
github.com/docker/docker/vendor/github.com/docker/libnetwork.(*resolver).Start.func3(0xc4217ee410)
	/go/src/github.com/docker/docker/vendor/github.com/docker/libnetwork/resolver.go:166 +0x2b
created by github.com/docker/docker/vendor/github.com/docker/libnetwork.(*resolver).Start
	/go/src/github.com/docker/docker/vendor/github.com/docker/libnetwork/resolver.go:165 +0x248

goroutine 11718 [IO wait, 3762 minutes]:
internal/poll.runtime_pollWait(0x7f6360c65130, 0x72, 0x1)
	/usr/local/go/src/runtime/netpoll.go:173 +0x57
internal/poll.(*pollDesc).wait(0xc4216b4c98, 0x72, 0xffffffffffffff01, 0x3892720, 0x3883298)
	/usr/local/go/src/internal/poll/fd_poll_runtime.go:85 +0xae
internal/poll.(*pollDesc).waitRead(0xc4216b4c98, 0xc4214ae001, 0x8000, 0x8000)
	/usr/local/go/src/internal/poll/fd_poll_runtime.go:90 +0x3d
internal/poll.(*FD).Read(0xc4216b4c80, 0xc4214ae000, 0x8000, 0x8000, 0x0, 0x0, 0x0)
	/usr/local/go/src/internal/poll/fd_unix.go:126 +0x18a
os.(*File).read(0xc421764588, 0xc4214ae000, 0x8000, 0x8000, 0xc42005b9d8, 0x7fc0, 0x6c)
	/usr/local/go/src/os/file_unix.go:216 +0x4e
os.(*File).Read(0xc421764588, 0xc4214ae000, 0x8000, 0x8000, 0xc42129b980, 0xc4214ae040, 0x6c)
	/usr/local/go/src/os/file.go:103 +0x6d
github.com/docker/docker/vendor/github.com/containerd/fifo.(*fifo).Read(0xc4214c8300, 0xc4214ae000, 0x8000, 0x8000, 0xac, 0x0, 0x0)
	/go/src/github.com/docker/docker/vendor/github.com/containerd/fifo/fifo.go:138 +0x232
io.copyBuffer(0x3886a20, 0xc42129b980, 0x7f635c263b30, 0xc4214c8300, 0xc4214ae000, 0x8000, 0x8000, 0xc42036f5c0, 0x26b98c0, 0xc420e9aee0)
	/usr/local/go/src/io/io.go:392 +0x123
io.CopyBuffer(0x3886a20, 0xc42129b980, 0x7f635c263b30, 0xc4214c8300, 0xc4214ae000, 0x8000, 0x8000, 0xc42003c220, 0xc420028748, 0x16c39f0)
	/usr/local/go/src/io/io.go:373 +0x82
github.com/docker/docker/pkg/pools.Copy(0x3886a20, 0xc42129b980, 0x7f635c263b30, 0xc4214c8300, 0xc4214c8300, 0x0, 0x11a9128)
	/go/src/github.com/docker/docker/pkg/pools/pools.go:81 +0xa4
github.com/docker/docker/container/stream.(*Config).CopyToPipe.func1.1(0x3886a20, 0xc42129b980, 0x7f635c263b00, 0xc4214c8300, 0xc420f8bb40)
	/go/src/github.com/docker/docker/container/stream/streams.go:121 +0x71
created by github.com/docker/docker/container/stream.(*Config).CopyToPipe.func1
	/go/src/github.com/docker/docker/container/stream/streams.go:120 +0x84

goroutine 12014 [IO wait, 3763 minutes]:
internal/poll.runtime_pollWait(0x7f635c2224a0, 0x72, 0xffffffffffffffff)
	/usr/local/go/src/runtime/netpoll.go:173 +0x57
internal/poll.(*pollDesc).wait(0xc4202e2c18, 0x72, 0xc421858400, 0x0, 0x0)
	/usr/local/go/src/internal/poll/fd_poll_runtime.go:85 +0xae
internal/poll.(*pollDesc).waitRead(0xc4202e2c18, 0xffffffffffffff00, 0x0, 0x0)
	/usr/local/go/src/internal/poll/fd_poll_runtime.go:90 +0x3d
internal/poll.(*FD).Accept(0xc4202e2c00, 0x0, 0x0, 0x0, 0x0, 0x0, 0x0, 0x0)
	/usr/local/go/src/internal/poll/fd_unix.go:335 +0x1e2
net.(*netFD).accept(0xc4202e2c00, 0x7f6360cb1000, 0x0, 0xc421858630)
	/usr/local/go/src/net/fd_unix.go:238 +0x42
net.(*TCPListener).accept(0xc4217640b0, 0xc421858650, 0x1186888, 0x8)
	/usr/local/go/src/net/tcpsock_posix.go:136 +0x2e
net.(*TCPListener).AcceptTCP(0xc4217640b0, 0xc421764218, 0xc4217640b0, 0x10)
	/usr/local/go/src/net/tcpsock.go:234 +0x49
github.com/docker/docker/vendor/github.com/miekg/dns.(*Server).serveTCP(0xc420fce270, 0xc4217640b0, 0x0, 0x0)
	/go/src/github.com/docker/docker/vendor/github.com/miekg/dns/server.go:435 +0x125
github.com/docker/docker/vendor/github.com/miekg/dns.(*Server).ActivateAndServe(0xc420fce270, 0x0, 0x0)
	/go/src/github.com/docker/docker/vendor/github.com/miekg/dns/server.go:363 +0x18b
github.com/docker/docker/vendor/github.com/docker/libnetwork.(*resolver).Start.func3(0xc420fce270)
	/go/src/github.com/docker/docker/vendor/github.com/docker/libnetwork/resolver.go:166 +0x2b
created by github.com/docker/docker/vendor/github.com/docker/libnetwork.(*resolver).Start
	/go/src/github.com/docker/docker/vendor/github.com/docker/libnetwork/resolver.go:165 +0x248

goroutine 13305 [IO wait]:
internal/poll.runtime_pollWait(0x7f6360c9c488, 0x72, 0x0)
	/usr/local/go/src/runtime/netpoll.go:173 +0x57
internal/poll.(*pollDesc).wait(0xc4202e3f18, 0x72, 0xc4215d2000, 0x28, 0x0)
	/usr/local/go/src/internal/poll/fd_poll_runtime.go:85 +0xae
internal/poll.(*pollDesc).waitRead(0xc4202e3f18, 0xc422430000, 0x200, 0x200)
	/usr/local/go/src/internal/poll/fd_poll_runtime.go:90 +0x3d
internal/poll.(*FD).ReadMsg(0xc4202e3f00, 0xc422430000, 0x200, 0x200, 0xc4215d2000, 0x28, 0x28, 0x0, 0x0, 0x0, ...)
	/usr/local/go/src/internal/poll/fd_unix.go:194 +0x222
net.(*netFD).readMsg(0xc4202e3f00, 0xc422430000, 0x200, 0x200, 0xc4215d2000, 0x28, 0x28, 0xaa, 0x9, 0xc42006cfa0, ...)
	/usr/local/go/src/net/fd_unix.go:214 +0x90
net.(*UDPConn).readMsg(0xc421764b80, 0xc422430000, 0x200, 0x200, 0xc4215d2000, 0x28, 0x28, 0xc421a51880, 0x7f6360cb1000, 0x0, ...)
	/usr/local/go/src/net/udpsock_posix.go:59 +0x91
net.(*UDPConn).ReadMsgUDP(0xc421764b80, 0xc422430000, 0x200, 0x200, 0xc4215d2000, 0x28, 0x28, 0x72, 0xc421a51880, 0x7f6360cb1000, ...)
	/usr/local/go/src/net/udpsock.go:139 +0xaa
github.com/docker/docker/vendor/github.com/miekg/dns.ReadFromSessionUDP(0xc421764b80, 0xc422430000, 0x200, 0x200, 0x200, 0x200, 0x3904b60, 0xc42006cfa0)
	/go/src/github.com/docker/docker/vendor/github.com/miekg/dns/udp.go:47 +0xb4
github.com/docker/docker/vendor/github.com/miekg/dns.(*Server).readUDP(0xc4217ee340, 0xc421764b80, 0x77359400, 0x0, 0x0, 0x0, 0x0, 0x388a720, 0xc42006cfa0)
	/go/src/github.com/docker/docker/vendor/github.com/miekg/dns/server.go:605 +0xbc
github.com/docker/docker/vendor/github.com/miekg/dns.(*defaultReader).ReadUDP(0xc421764c50, 0xc421764b80, 0x77359400, 0x0, 0x0, 0x0, 0x0, 0x388a720, 0xc42006cfa0)
	/go/src/github.com/docker/docker/vendor/github.com/miekg/dns/server.go:230 +0x46
github.com/docker/docker/vendor/github.com/miekg/dns.(*Server).serveUDP(0xc4217ee340, 0xc421764b80, 0x0, 0x0)
	/go/src/github.com/docker/docker/vendor/github.com/miekg/dns/server.go:478 +0x149
github.com/docker/docker/vendor/github.com/miekg/dns.(*Server).ActivateAndServe(0xc4217ee340, 0x0, 0x0)
	/go/src/github.com/docker/docker/vendor/github.com/miekg/dns/server.go:354 +0x24a
github.com/docker/docker/vendor/github.com/docker/libnetwork.(*resolver).Start.func2(0xc4217ee340)
	/go/src/github.com/docker/docker/vendor/github.com/docker/libnetwork/resolver.go:160 +0x2b
created by github.com/docker/docker/vendor/github.com/docker/libnetwork.(*resolver).Start
	/go/src/github.com/docker/docker/vendor/github.com/docker/libnetwork/resolver.go:159 +0x1c2

goroutine 10432 [IO wait]:
internal/poll.runtime_pollWait(0x7f6360c65730, 0x72, 0x0)
	/usr/local/go/src/runtime/netpoll.go:173 +0x57
internal/poll.(*pollDesc).wait(0xc42174e618, 0x72, 0xc4215d2000, 0x28, 0x0)
	/usr/local/go/src/internal/poll/fd_poll_runtime.go:85 +0xae
internal/poll.(*pollDesc).waitRead(0xc42174e618, 0xc422430800, 0x200, 0x200)
	/usr/local/go/src/internal/poll/fd_poll_runtime.go:90 +0x3d
internal/poll.(*FD).ReadMsg(0xc42174e600, 0xc422430800, 0x200, 0x200, 0xc4215d20c0, 0x28, 0x28, 0x0, 0x0, 0x0, ...)
	/usr/local/go/src/internal/poll/fd_unix.go:194 +0x222
net.(*netFD).readMsg(0xc42174e600, 0xc422430800, 0x200, 0x200, 0xc4215d20c0, 0x28, 0x28, 0x16b1fb4e6ea24, 0xa, 0xc4202b2848, ...)
	/usr/local/go/src/net/fd_unix.go:214 +0x90
net.(*UDPConn).readMsg(0xc421764070, 0xc422430800, 0x200, 0x200, 0xc4215d20c0, 0x28, 0x28, 0xc4200e4380, 0x7f6360cb1000, 0xc4211fd980, ...)
	/usr/local/go/src/net/udpsock_posix.go:59 +0x91
net.(*UDPConn).ReadMsgUDP(0xc421764070, 0xc422430800, 0x200, 0x200, 0xc4215d20c0, 0x28, 0x28, 0x72, 0xc4200e4380, 0x7f6360cb1000, ...)
	/usr/local/go/src/net/udpsock.go:139 +0xaa
github.com/docker/docker/vendor/github.com/miekg/dns.ReadFromSessionUDP(0xc421764070, 0xc422430800, 0x200, 0x200, 0x200, 0x200, 0x3904b60, 0xc420dc6910)
	/go/src/github.com/docker/docker/vendor/github.com/miekg/dns/udp.go:47 +0xb4
github.com/docker/docker/vendor/github.com/miekg/dns.(*Server).readUDP(0xc420250000, 0xc421764070, 0x77359400, 0x0, 0x0, 0x0, 0x0, 0x388a720, 0xc420dc6910)
	/go/src/github.com/docker/docker/vendor/github.com/miekg/dns/server.go:605 +0xbc
github.com/docker/docker/vendor/github.com/miekg/dns.(*defaultReader).ReadUDP(0xc421764110, 0xc421764070, 0x77359400, 0x0, 0x0, 0x0, 0x0, 0x388a720, 0xc420dc6910)
	/go/src/github.com/docker/docker/vendor/github.com/miekg/dns/server.go:230 +0x46
github.com/docker/docker/vendor/github.com/miekg/dns.(*Server).serveUDP(0xc420250000, 0xc421764070, 0x0, 0x0)
	/go/src/github.com/docker/docker/vendor/github.com/miekg/dns/server.go:478 +0x149
github.com/docker/docker/vendor/github.com/miekg/dns.(*Server).ActivateAndServe(0xc420250000, 0x0, 0x0)
	/go/src/github.com/docker/docker/vendor/github.com/miekg/dns/server.go:354 +0x24a
github.com/docker/docker/vendor/github.com/docker/libnetwork.(*resolver).Start.func2(0xc420250000)
	/go/src/github.com/docker/docker/vendor/github.com/docker/libnetwork/resolver.go:160 +0x2b
created by github.com/docker/docker/vendor/github.com/docker/libnetwork.(*resolver).Start
	/go/src/github.com/docker/docker/vendor/github.com/docker/libnetwork/resolver.go:159 +0x1c2

goroutine 10113 [IO wait, 3767 minutes]:
internal/poll.runtime_pollWait(0x7f6360c658b0, 0x72, 0x1)
	/usr/local/go/src/runtime/netpoll.go:173 +0x57
internal/poll.(*pollDesc).wait(0xc4216b4748, 0x72, 0xffffffffffffff01, 0x3892720, 0x3883298)
	/usr/local/go/src/internal/poll/fd_poll_runtime.go:85 +0xae
internal/poll.(*pollDesc).waitRead(0xc4216b4748, 0xc420e86001, 0x8000, 0x8000)
	/usr/local/go/src/internal/poll/fd_poll_runtime.go:90 +0x3d
internal/poll.(*FD).Read(0xc4216b4730, 0xc420e86000, 0x8000, 0x8000, 0x0, 0x0, 0x0)
	/usr/local/go/src/internal/poll/fd_unix.go:126 +0x18a
os.(*File).read(0xc4217641e8, 0xc420e86000, 0x8000, 0x8000, 0xc4211094f8, 0x7f40, 0xab)
	/usr/local/go/src/os/file_unix.go:216 +0x4e
os.(*File).Read(0xc4217641e8, 0xc420e86000, 0x8000, 0x8000, 0xc4209ac220, 0xc420e860c0, 0xab)
	/usr/local/go/src/os/file.go:103 +0x6d
github.com/docker/docker/vendor/github.com/containerd/fifo.(*fifo).Read(0xc4214c5500, 0xc420e86000, 0x8000, 0x8000, 0x16b, 0x0, 0x0)
	/go/src/github.com/docker/docker/vendor/github.com/containerd/fifo/fifo.go:138 +0x232
io.copyBuffer(0x3886a20, 0xc4209ac220, 0x7f635c263b30, 0xc4214c5500, 0xc420e86000, 0x8000, 0x8000, 0xc42036f5c0, 0x26b98c0, 0xc421a9ff00)
	/usr/local/go/src/io/io.go:392 +0x123
io.CopyBuffer(0x3886a20, 0xc4209ac220, 0x7f635c263b30, 0xc4214c5500, 0xc420e86000, 0x8000, 0x8000, 0x16cc1637, 0xc421856728, 0x11c0f7b)
	/usr/local/go/src/io/io.go:373 +0x82
github.com/docker/docker/pkg/pools.Copy(0x3886a20, 0xc4209ac220, 0x7f635c263b30, 0xc4214c5500, 0xc4214c5500, 0xc42045d400, 0x45d964b800)
	/go/src/github.com/docker/docker/pkg/pools/pools.go:81 +0xa4
github.com/docker/docker/container/stream.(*Config).CopyToPipe.func1.1(0x3886a20, 0xc4209ac220, 0x7f635c263b00, 0xc4214c5500, 0xc420c28300)
	/go/src/github.com/docker/docker/container/stream/streams.go:121 +0x71
created by github.com/docker/docker/container/stream.(*Config).CopyToPipe.func1
	/go/src/github.com/docker/docker/container/stream/streams.go:120 +0x84

goroutine 6324 [select]:
github.com/docker/docker/vendor/github.com/docker/libnetwork/osl.removeUnusedPaths()
	/go/src/github.com/docker/docker/vendor/github.com/docker/libnetwork/osl/namespace_linux.go:93 +0x30d
created by github.com/docker/docker/vendor/github.com/docker/libnetwork/osl.createBasePath
	/go/src/github.com/docker/docker/vendor/github.com/docker/libnetwork/osl/namespace_linux.go:78 +0x51

goroutine 11023 [IO wait, 3765 minutes]:
internal/poll.runtime_pollWait(0x7f6360c652b0, 0x72, 0x1)
	/usr/local/go/src/runtime/netpoll.go:173 +0x57
internal/poll.(*pollDesc).wait(0xc42098a068, 0x72, 0xffffffffffffff01, 0x3892720, 0x3883298)
	/usr/local/go/src/internal/poll/fd_poll_runtime.go:85 +0xae
internal/poll.(*pollDesc).waitRead(0xc42098a068, 0xc421ed4001, 0x8000, 0x8000)
	/usr/local/go/src/internal/poll/fd_poll_runtime.go:90 +0x3d
internal/poll.(*FD).Read(0xc42098a050, 0xc421ed4000, 0x8000, 0x8000, 0x0, 0x0, 0x0)
	/usr/local/go/src/internal/poll/fd_unix.go:126 +0x18a
os.(*File).read(0xc421764000, 0xc421ed4000, 0x8000, 0x8000, 0xc4217b6f58, 0x8000, 0x12)
	/usr/local/go/src/os/file_unix.go:216 +0x4e
os.(*File).Read(0xc421764000, 0xc421ed4000, 0x8000, 0x8000, 0xc421a86080, 0xc421ed4000, 0x12)
	/usr/local/go/src/os/file.go:103 +0x6d
github.com/docker/docker/vendor/github.com/containerd/fifo.(*fifo).Read(0xc420f71f20, 0xc421ed4000, 0x8000, 0x8000, 0x12, 0x0, 0x0)
	/go/src/github.com/docker/docker/vendor/github.com/containerd/fifo/fifo.go:138 +0x232
io.copyBuffer(0x3886a20, 0xc421a86080, 0x7f635c263b30, 0xc420f71f20, 0xc421ed4000, 0x8000, 0x8000, 0xc42036f5c0, 0x26b98c0, 0xc4214ee6a0)
	/usr/local/go/src/io/io.go:392 +0x123
io.CopyBuffer(0x3886a20, 0xc421a86080, 0x7f635c263b30, 0xc420f71f20, 0xc421ed4000, 0x8000, 0x8000, 0x0, 0x0, 0xc4216f9e60)
	/usr/local/go/src/io/io.go:373 +0x82
github.com/docker/docker/pkg/pools.Copy(0x3886a20, 0xc421a86080, 0x7f635c263b30, 0xc420f71f20, 0xc420f71f20, 0x1, 0x0)
	/go/src/github.com/docker/docker/pkg/pools/pools.go:81 +0xa4
github.com/docker/docker/container/stream.(*Config).CopyToPipe.func1.1(0x3886a20, 0xc421a86080, 0x7f635c263b00, 0xc420f71f20, 0xc42047f680)
	/go/src/github.com/docker/docker/container/stream/streams.go:121 +0x71
created by github.com/docker/docker/container/stream.(*Config).CopyToPipe.func1
	/go/src/github.com/docker/docker/container/stream/streams.go:120 +0x84

goroutine 10110 [semacquire, 3767 minutes]:
sync.runtime_notifyListWait(0xc421216610, 0x4)
	/usr/local/go/src/runtime/sema.go:507 +0x110
sync.(*Cond).Wait(0xc421216600)
	/usr/local/go/src/sync/cond.go:56 +0x80
github.com/docker/docker/pkg/ioutils.(*BytesPipe).Read(0xc421216580, 0xc42155e000, 0x800, 0x4000, 0xffffffffffffffff, 0x0, 0x0)
	/go/src/github.com/docker/docker/pkg/ioutils/bytespipe.go:134 +0x59
github.com/docker/docker/daemon/logger.(*Copier).copySrc(0xc4212167c0, 0x2a50214, 0x6, 0x7f635c262a50, 0xc421216580)
	/go/src/github.com/docker/docker/daemon/logger/copier.go:74 +0x702
created by github.com/docker/docker/daemon/logger.(*Copier).Run
	/go/src/github.com/docker/docker/daemon/logger/copier.go:46 +0x10f

goroutine 756777 [IO wait]:
internal/poll.runtime_pollWait(0x7f635c241fd0, 0x72, 0x0)
	/usr/local/go/src/runtime/netpoll.go:173 +0x57
internal/poll.(*pollDesc).wait(0xc4202e2f18, 0x72, 0xffffffffffffff00, 0x3892720, 0x3883298)
	/usr/local/go/src/internal/poll/fd_poll_runtime.go:85 +0xae
internal/poll.(*pollDesc).waitRead(0xc4202e2f18, 0xc422a44000, 0x8000, 0x8000)
	/usr/local/go/src/internal/poll/fd_poll_runtime.go:90 +0x3d
internal/poll.(*FD).Read(0xc4202e2f00, 0xc422a44000, 0x8000, 0x8000, 0x0, 0x0, 0x0)
	/usr/local/go/src/internal/poll/fd_unix.go:126 +0x18a
net.(*netFD).Read(0xc4202e2f00, 0xc422a44000, 0x8000, 0x8000, 0x10, 0x10, 0x27d0060)
	/usr/local/go/src/net/fd_unix.go:202 +0x52
net.(*conn).Read(0xc4219b6350, 0xc422a44000, 0x8000, 0x8000, 0x0, 0x0, 0x0)
	/usr/local/go/src/net/net.go:176 +0x6d
bufio.(*Reader).Read(0xc4214c5680, 0xc420d60738, 0x9, 0x9, 0x181e14f, 0xc423944218, 0x0)
	/usr/local/go/src/bufio/bufio.go:213 +0x30b
io.ReadAtLeast(0x3885160, 0xc4214c5680, 0xc420d60738, 0x9, 0x9, 0x9, 0xc421118dc8, 0x20, 0xc421067200)
	/usr/local/go/src/io/io.go:309 +0x86
io.ReadFull(0x3885160, 0xc4214c5680, 0xc420d60738, 0x9, 0x9, 0xc421118e09, 0xc426787a70, 0xc420d24000)
	/usr/local/go/src/io/io.go:327 +0x58
github.com/docker/docker/vendor/golang.org/x/net/http2.readFrameHeader(0xc420d60738, 0x9, 0x9, 0x3885160, 0xc4214c5680, 0x0, 0x0, 0xc426787a40, 0x0)
	/go/src/github.com/docker/docker/vendor/golang.org/x/net/http2/frame.go:237 +0x7b
github.com/docker/docker/vendor/golang.org/x/net/http2.(*Framer).ReadFrame(0xc420d60700, 0xc, 0x0, 0x0, 0x0)
	/go/src/github.com/docker/docker/vendor/golang.org/x/net/http2/frame.go:492 +0xa4
github.com/docker/docker/vendor/google.golang.org/grpc/transport.(*framer).readFrame(0xc42210b0b0, 0xc426787a70, 0xc426787a70, 0x0, 0x0)
	/go/src/github.com/docker/docker/vendor/google.golang.org/grpc/transport/http_util.go:544 +0x2f
github.com/docker/docker/vendor/google.golang.org/grpc/transport.(*http2Client).reader(0xc421c26a80)
	/go/src/github.com/docker/docker/vendor/google.golang.org/grpc/transport/http2_client.go:1057 +0xc0
created by github.com/docker/docker/vendor/google.golang.org/grpc/transport.newHTTP2Client
	/go/src/github.com/docker/docker/vendor/google.golang.org/grpc/transport/http2_client.go:250 +0xb8d

goroutine 2192225149 [runnable]:
fmt.(*fmt).truncate(0xc4200e0040, 0xc4207ea230, 0x63, 0x1186127, 0x7f635c1c8fd8)
	/usr/local/go/src/fmt/format.go:312 +0xe1
fmt.(*fmt).fmt_q(0xc4200e0040, 0xc4207ea230, 0x63)
	/usr/local/go/src/fmt/format.go:411 +0x49
fmt.(*pp).fmtString(0xc4200e0000, 0xc4207ea230, 0x63, 0xc400000071)
	/usr/local/go/src/fmt/print.go:439 +0x7c
fmt.(*pp).printArg(0xc4200e0000, 0x26da780, 0xc422cb81b0, 0x7f6300000071)
	/usr/local/go/src/fmt/print.go:664 +0x7b5
fmt.(*pp).doPrintf(0xc4200e0000, 0x2a75edf, 0x1b, 0xc420d49650, 0x1, 0x1)
	/usr/local/go/src/fmt/print.go:996 +0x15a
fmt.Sprintf(0x2a75edf, 0x1b, 0xc42018f650, 0x1, 0x1, 0x2ae6728, 0xc42018f6a0)
	/usr/local/go/src/fmt/print.go:196 +0x66
github.com/docker/docker/vendor/google.golang.org/grpc/transport.ConnectionError.Error(0xc4207ea230, 0x63, 0x0, 0x388a720, 0xc420e1a780, 0xc42018f6c0, 0x38917e0)
	/go/src/github.com/docker/docker/vendor/google.golang.org/grpc/transport/transport.go:578 +0x96
github.com/docker/docker/vendor/google.golang.org/grpc/transport.(*ConnectionError).Error(0xc4210f8d80, 0x2ae6728, 0xc4200e0180)
	<autogenerated>:1 +0x58
fmt.(*pp).handleMethods(0xc4200e0180, 0x76, 0x1)
	/usr/local/go/src/fmt/print.go:590 +0x186
fmt.(*pp).printArg(0xc4200e0180, 0x291fb40, 0xc4210f8d80, 0x76)
	/usr/local/go/src/fmt/print.go:679 +0x171
fmt.(*pp).doPrintf(0xc4200e0180, 0x2a4bafc, 0x2, 0xc420d49b40, 0x1, 0x1)
	/usr/local/go/src/fmt/print.go:996 +0x15a
fmt.Sprintf(0x2a4bafc, 0x2, 0xc42018fb40, 0x1, 0x1, 0xc42001c000, 0x7f6360c6e0b0)
	/usr/local/go/src/fmt/print.go:196 +0x66
github.com/docker/docker/vendor/google.golang.org/grpc/status.Errorf(0xc40000000d, 0x2a4bafc, 0x2, 0xc42018fb40, 0x1, 0x1, 0x0, 0xffffffffffffffff)
	/go/src/github.com/docker/docker/vendor/google.golang.org/grpc/status/status.go:122 +0x60
github.com/docker/docker/vendor/google.golang.org/grpc.Errorf(0xc40000000d, 0x2a4bafc, 0x2, 0xc42018fb40, 0x1, 0x1, 0x0, 0x38917e0)
	/go/src/github.com/docker/docker/vendor/google.golang.org/grpc/rpc_util.go:398 +0x5b
github.com/docker/docker/vendor/google.golang.org/grpc.newClientStream(0x7f6360c6e0b0, 0xc4217a5c80, 0x3865740, 0xc4203cb1e0, 0x2aa6bca, 0x2f, 0xc422cb8170, 0x1, 0x1, 0x0, ...)
	/go/src/github.com/docker/docker/vendor/google.golang.org/grpc/stream.go:192 +0x5cc
github.com/docker/docker/vendor/github.com/containerd/containerd.namespaceInterceptor.stream(0x2a4d01c, 0x4, 0x7f6360c727a8, 0xc42045dac0, 0x3865740, 0xc4203cb1e0, 0x2aa6bca, 0x2f, 0x2aeb440, 0xc422cb8170, ...)
	/go/src/github.com/docker/docker/vendor/github.com/containerd/containerd/grpc.go:27 +0xcd
github.com/docker/docker/vendor/github.com/containerd/containerd.(namespaceInterceptor).(github.com/docker/docker/vendor/github.com/containerd/containerd.stream)-fm(0x7f6360c727a8, 0xc42045dac0, 0x3865740, 0xc4203cb1e0, 0x2aa6bca, 0x2f, 0x2aeb440, 0xc422cb8170, 0x1, 0x1, ...)
	/go/src/github.com/docker/docker/vendor/github.com/containerd/containerd/grpc.go:34 +0xcd
github.com/docker/docker/vendor/google.golang.org/grpc.NewClientStream(0x7f6360c727a8, 0xc42045dac0, 0x3865740, 0xc4203cb1e0, 0x2aa6bca, 0x2f, 0xc422cb8170, 0x1, 0x1, 0x11bc9d7, ...)
	/go/src/github.com/docker/docker/vendor/google.golang.org/grpc/stream.go:103 +0xb3
github.com/docker/docker/vendor/github.com/containerd/containerd/api/services/events/v1.(*eventsClient).Subscribe(0xc4219b6468, 0x7f6360c727a8, 0xc42045dac0, 0xc42197f340, 0xc422cb8170, 0x1, 0x1, 0x1, 0x1, 0x0, ...)
	/go/src/github.com/docker/docker/vendor/github.com/containerd/containerd/api/services/events/v1/events.pb.go:188 +0xb5
github.com/docker/docker/libcontainerd.(*client).processEventStream(0xc420443b20, 0x38a79e0, 0xc42045dac0)
	/go/src/github.com/docker/docker/libcontainerd/client_daemon.go:716 +0x2fe
created by github.com/docker/docker/libcontainerd.(*client).processEventStream.func1
	/go/src/github.com/docker/docker/libcontainerd/client_daemon.go:711 +0x117

goroutine 2192224943 [runnable]:
fmt.(*fmt).truncate(0xc4200e0280, 0xc4207ea380, 0x63, 0x1186127, 0x7f635c1c8fd8)
	/usr/local/go/src/fmt/format.go:312 +0xe1
fmt.(*fmt).fmt_q(0xc4200e0280, 0xc4207ea380, 0x63)
	/usr/local/go/src/fmt/format.go:411 +0x49
fmt.(*pp).fmtString(0xc4200e0240, 0xc4207ea380, 0x63, 0xc400000071)
	/usr/local/go/src/fmt/print.go:439 +0x7c
fmt.(*pp).printArg(0xc4200e0240, 0x26da780, 0xc425e48da0, 0x7f6300000071)
	/usr/local/go/src/fmt/print.go:664 +0x7b5
fmt.(*pp).doPrintf(0xc4200e0240, 0x2a75edf, 0x1b, 0xc42385b650, 0x1, 0x1)
	/usr/local/go/src/fmt/print.go:996 +0x15a
fmt.Sprintf(0x2a75edf, 0x1b, 0xc42018f650, 0x1, 0x1, 0x2ae6728, 0xc42018f6a0)
	/usr/local/go/src/fmt/print.go:196 +0x66
github.com/docker/docker/vendor/google.golang.org/grpc/transport.ConnectionError.Error(0xc4207ea380, 0x63, 0x0, 0x388a720, 0xc4201faaf0, 0xc42018f6c0, 0x38917e0)
	/go/src/github.com/docker/docker/vendor/google.golang.org/grpc/transport/transport.go:578 +0x96
github.com/docker/docker/vendor/google.golang.org/grpc/transport.(*ConnectionError).Error(0xc42135c600, 0x2ae6728, 0xc4200e0300)
	<autogenerated>:1 +0x58
fmt.(*pp).handleMethods(0xc4200e0300, 0x76, 0x1)
	/usr/local/go/src/fmt/print.go:590 +0x186
fmt.(*pp).printArg(0xc4200e0300, 0x291fb40, 0xc42135c600, 0x76)
	/usr/local/go/src/fmt/print.go:679 +0x171
fmt.(*pp).doPrintf(0xc4200e0300, 0x2a4bafc, 0x2, 0xc42385bb40, 0x1, 0x1)
	/usr/local/go/src/fmt/print.go:996 +0x15a
fmt.Sprintf(0x2a4bafc, 0x2, 0xc42018fb40, 0x1, 0x1, 0xc42001c000, 0x7f6360c6e0b0)
	/usr/local/go/src/fmt/print.go:196 +0x66
github.com/docker/docker/vendor/google.golang.org/grpc/status.Errorf(0xc40000000d, 0x2a4bafc, 0x2, 0xc42018fb40, 0x1, 0x1, 0x0, 0xffffffffffffffff)
	/go/src/github.com/docker/docker/vendor/google.golang.org/grpc/status/status.go:122 +0x60
github.com/docker/docker/vendor/google.golang.org/grpc.Errorf(0xc40000000d, 0x2a4bafc, 0x2, 0xc42018fb40, 0x1, 0x1, 0x0, 0x38917e0)
	/go/src/github.com/docker/docker/vendor/google.golang.org/grpc/rpc_util.go:398 +0x5b
github.com/docker/docker/vendor/google.golang.org/grpc.newClientStream(0x7f6360c6e0b0, 0xc4235b02a0, 0x3865740, 0xc4203ca1a0, 0x2aa6bca, 0x2f, 0xc425e48d60, 0x1, 0x1, 0x0, ...)
	/go/src/github.com/docker/docker/vendor/google.golang.org/grpc/stream.go:192 +0x5cc
github.com/docker/docker/vendor/github.com/containerd/containerd.namespaceInterceptor.stream(0x2a59d35, 0xc, 0x7f6360c727a8, 0xc42045dac0, 0x3865740, 0xc4203ca1a0, 0x2aa6bca, 0x2f, 0x2aeb440, 0xc425e48d60, ...)
	/go/src/github.com/docker/docker/vendor/github.com/containerd/containerd/grpc.go:27 +0xcd
github.com/docker/docker/vendor/github.com/containerd/containerd.(namespaceInterceptor).(github.com/docker/docker/vendor/github.com/containerd/containerd.stream)-fm(0x7f6360c727a8, 0xc42045dac0, 0x3865740, 0xc4203ca1a0, 0x2aa6bca, 0x2f, 0x2aeb440, 0xc425e48d60, 0x1, 0x1, ...)
	/go/src/github.com/docker/docker/vendor/github.com/containerd/containerd/grpc.go:34 +0xcd
github.com/docker/docker/vendor/google.golang.org/grpc.NewClientStream(0x7f6360c727a8, 0xc42045dac0, 0x3865740, 0xc4203ca1a0, 0x2aa6bca, 0x2f, 0xc425e48d60, 0x1, 0x1, 0x11bc9d7, ...)
	/go/src/github.com/docker/docker/vendor/google.golang.org/grpc/stream.go:103 +0xb3
github.com/docker/docker/vendor/github.com/containerd/containerd/api/services/events/v1.(*eventsClient).Subscribe(0xc4233f3de8, 0x7f6360c727a8, 0xc42045dac0, 0xc42166b4e0, 0xc425e48d60, 0x1, 0x1, 0x1, 0x1, 0x0, ...)
	/go/src/github.com/docker/docker/vendor/github.com/containerd/containerd/api/services/events/v1/events.pb.go:188 +0xb5
github.com/docker/docker/libcontainerd.(*client).processEventStream(0xc4204433b0, 0x38a79e0, 0xc42045dac0)
	/go/src/github.com/docker/docker/libcontainerd/client_daemon.go:716 +0x2fe
created by github.com/docker/docker/libcontainerd.(*client).processEventStream.func1
	/go/src/github.com/docker/docker/libcontainerd/client_daemon.go:711 +0x117

goroutine 756778 [select]:
github.com/docker/docker/vendor/google.golang.org/grpc/transport.(*http2Client).controller(0xc421c26a80)
	/go/src/github.com/docker/docker/vendor/google.golang.org/grpc/transport/http2_client.go:1130 +0x142
created by github.com/docker/docker/vendor/google.golang.org/grpc/transport.newHTTP2Client
	/go/src/github.com/docker/docker/vendor/google.golang.org/grpc/transport/http2_client.go:280 +0xf4c

goroutine 756779 [select, 3751 minutes]:
github.com/docker/docker/vendor/google.golang.org/grpc.(*addrConn).transportMonitor(0xc421a224e0)
	/go/src/github.com/docker/docker/vendor/google.golang.org/grpc/clientconn.go:891 +0x1de
created by github.com/docker/docker/vendor/google.golang.org/grpc.(*ClientConn).resetAddrConn
	/go/src/github.com/docker/docker/vendor/google.golang.org/grpc/clientconn.go:608 +0x6ef
